<?xml version="1.0" encoding="UTF-8"?>
<!-- Generated by org.testng.reporters.JUnitXMLReporter -->
<testsuite hostname="ucreate8-All-Series" ignored="0" name="Test" tests="3" failures="0" timestamp="11 Apr 2019 04:29:44 GMT" time="7.128" errors="0">
  <testcase name="loginBrewWithoutDetails" time="0.476" classname="brewbrokerTests.testLogin"/>
  <testcase name="loginBrewWithInvalidEmail" time="0.49" classname="brewbrokerTests.testLogin"/>
  <testcase name="loginBrewwithValidDetails" time="0.542" classname="brewbrokerTests.testLogin"/>
</testsuite> <!-- Test -->
